<?xml version="1.0" encoding="UTF-8"?>
<testsuite name="com.polarbookshop.catalogservice.domain.BookValidationTests" tests="2" skipped="0" failures="0" errors="0" timestamp="2024-03-31T01:36:59" hostname="dc-WRTB-WXX9" time="0.014">
  <properties/>
  <testcase name="whenIsbnDefinedButIncorrectThenValiationFails()" classname="com.polarbookshop.catalogservice.domain.BookValidationTests" time="0.013"/>
  <testcase name="whenAllFieldCorrectThenValidationSucceeds()" classname="com.polarbookshop.catalogservice.domain.BookValidationTests" time="0.001"/>
  <system-out><![CDATA[]]></system-out>
  <system-err><![CDATA[]]></system-err>
</testsuite>
