<?xml version="1.0" encoding="UTF-8"?>
<testsuite name="com.polarbookshop.catalogservice.CatalogServiceApplicationTests" tests="1" skipped="0" failures="0" errors="0" timestamp="2024-04-17T12:37:52" hostname="dc-WRTB-WXX9" time="1.333">
  <properties/>
  <testcase name="whenPostRequestThenBookCreated()" classname="com.polarbookshop.catalogservice.CatalogServiceApplicationTests" time="1.333"/>
  <system-out><![CDATA[20:37:33.418 [Test worker] INFO org.springframework.test.context.support.AnnotationConfigContextLoaderUtils -- Could not detect default configuration classes for test class [com.polarbookshop.catalogservice.CatalogServiceApplicationTests]: CatalogServiceApplicationTests does not declare any static, non-private, non-final, nested classes annotated with @Configuration.
20:37:33.547 [Test worker] INFO org.springframework.boot.test.context.SpringBootTestContextBootstrapper -- Found @SpringBootConfiguration com.polarbookshop.catalogservice.CatalogServiceApplication for test class com.polarbookshop.catalogservice.CatalogServiceApplicationTests

  .   ____          _            __ _ _
 /\\ / ___'_ __ _ _(_)_ __  __ _ \ \ \ \
( ( )\___ | '_ | '_| | '_ \/ _` | \ \ \ \
 \\/  ___)| |_)| | | | | || (_| |  ) ) ) )
  '  |____| .__|_| |_|_| |_\__, | / / / /
 =========|_|==============|___/=/_/_/_/
 :: Spring Boot ::                (v3.2.3)

2024-04-17T20:37:42.662+08:00  INFO 5393 --- [catalog-service] [    Test worker] c.p.c.CatalogServiceApplicationTests     : Starting CatalogServiceApplicationTests using Java 21.0.2 with PID 5393 (started by dc in /home/dc/native-cloud-spring-in-action/catalog-service-dc)
2024-04-17T20:37:42.664+08:00  INFO 5393 --- [catalog-service] [    Test worker] c.p.c.CatalogServiceApplicationTests     : The following 1 profile is active: "integration"
2024-04-17T20:37:42.683+08:00  INFO 5393 --- [catalog-service] [    Test worker] o.s.c.c.c.ConfigServerConfigDataLoader   : Fetching config from server at : http://localhost:8888
2024-04-17T20:37:42.683+08:00  INFO 5393 --- [catalog-service] [    Test worker] o.s.c.c.c.ConfigServerConfigDataLoader   : Located environment: name=catalog-service, profiles=[default], label=null, version=f8f2a32386da1b6db3903f4fcd24f5ca3be4cc12, state=null
2024-04-17T20:37:42.683+08:00  INFO 5393 --- [catalog-service] [    Test worker] o.s.c.c.c.ConfigServerConfigDataLoader   : Fetching config from server at : http://localhost:8888
2024-04-17T20:37:42.683+08:00  INFO 5393 --- [catalog-service] [    Test worker] o.s.c.c.c.ConfigServerConfigDataLoader   : Located environment: name=catalog-service, profiles=[integration], label=null, version=f8f2a32386da1b6db3903f4fcd24f5ca3be4cc12, state=null
2024-04-17T20:37:43.476+08:00  INFO 5393 --- [catalog-service] [    Test worker] .s.d.r.c.RepositoryConfigurationDelegate : Bootstrapping Spring Data JDBC repositories in DEFAULT mode.
2024-04-17T20:37:43.609+08:00  INFO 5393 --- [catalog-service] [    Test worker] .s.d.r.c.RepositoryConfigurationDelegate : Finished Spring Data repository scanning in 129 ms. Found 1 JDBC repository interface.
2024-04-17T20:37:43.759+08:00  INFO 5393 --- [catalog-service] [    Test worker] o.s.cloud.context.scope.GenericScope     : BeanFactory id=a7e4bdd1-eb3e-3596-bed7-fb34e73bd659
2024-04-17T20:37:44.090+08:00  INFO 5393 --- [catalog-service] [    Test worker] o.s.b.w.embedded.tomcat.TomcatWebServer  : Tomcat initialized with port 0 (http)
2024-04-17T20:37:44.106+08:00  INFO 5393 --- [catalog-service] [    Test worker] o.apache.catalina.core.StandardService   : Starting service [Tomcat]
2024-04-17T20:37:44.106+08:00  INFO 5393 --- [catalog-service] [    Test worker] o.apache.catalina.core.StandardEngine    : Starting Servlet engine: [Apache Tomcat/10.1.19]
2024-04-17T20:37:44.164+08:00  INFO 5393 --- [catalog-service] [    Test worker] o.a.c.c.C.[Tomcat].[localhost].[/]       : Initializing Spring embedded WebApplicationContext
2024-04-17T20:37:44.166+08:00  INFO 5393 --- [catalog-service] [    Test worker] w.s.c.ServletWebServerApplicationContext : Root WebApplicationContext: initialization completed in 1480 ms
2024-04-17T20:37:44.376+08:00  INFO 5393 --- [catalog-service] [    Test worker] com.zaxxer.hikari.HikariDataSource       : HikariPool-1 - Starting...
2024-04-17T20:37:44.413+08:00  INFO 5393 --- [catalog-service] [    Test worker] org.testcontainers.images.PullPolicy     : Image pull policy will be performed by: DefaultPullPolicy()
2024-04-17T20:37:44.414+08:00  INFO 5393 --- [catalog-service] [    Test worker] o.t.utility.ImageNameSubstitutor         : Image name substitution will be performed by: DefaultImageNameSubstitutor (composite of 'ConfigurationFileImageNameSubstitutor' and 'PrefixingImageNameSubstitutor')
2024-04-17T20:37:44.540+08:00  INFO 5393 --- [catalog-service] [    Test worker] o.t.d.DockerClientProviderStrategy       : Loaded org.testcontainers.dockerclient.UnixSocketClientProviderStrategy from ~/.testcontainers.properties, will try it first
2024-04-17T20:37:44.797+08:00  INFO 5393 --- [catalog-service] [    Test worker] o.t.d.DockerClientProviderStrategy       : Found Docker environment with local Unix socket (unix:///var/run/docker.sock)
2024-04-17T20:37:44.798+08:00  INFO 5393 --- [catalog-service] [    Test worker] org.testcontainers.DockerClientFactory   : Docker host IP address is localhost
2024-04-17T20:37:44.812+08:00  INFO 5393 --- [catalog-service] [    Test worker] org.testcontainers.DockerClientFactory   : Connected to docker: 
  Server Version: 24.0.5
  API Version: 1.43
  Operating System: Ubuntu 20.04 LTS
  Total Memory: 15725 MB
2024-04-17T20:37:44.832+08:00  INFO 5393 --- [catalog-service] [    Test worker] tc.testcontainers/ryuk:0.5.1             : Creating container for image: testcontainers/ryuk:0.5.1
2024-04-17T20:37:44.835+08:00  INFO 5393 --- [catalog-service] [    Test worker] o.t.utility.RegistryAuthLocator          : Failure when attempting to lookup auth config. Please ignore if you don't have images in an authenticated registry. Details: (dockerImageName: testcontainers/ryuk:0.5.1, configFile: /home/dc/.docker/config.json, configEnv: DOCKER_AUTH_CONFIG). Falling back to docker-java default behaviour. Exception message: Status 404: No config supplied. Checked in order: /home/dc/.docker/config.json (file not found), DOCKER_AUTH_CONFIG (not set)
2024-04-17T20:37:44.929+08:00  INFO 5393 --- [catalog-service] [    Test worker] tc.testcontainers/ryuk:0.5.1             : Container testcontainers/ryuk:0.5.1 is starting: 1deb04b17efa63d920450417b017c92e763857c04a51895e15de3ff22cbffa04
2024-04-17T20:37:45.279+08:00  INFO 5393 --- [catalog-service] [    Test worker] tc.testcontainers/ryuk:0.5.1             : Container testcontainers/ryuk:0.5.1 started in PT0.447431968S
2024-04-17T20:37:45.282+08:00  INFO 5393 --- [catalog-service] [    Test worker] o.t.utility.RyukResourceReaper           : Ryuk started - will monitor and terminate Testcontainers containers on JVM exit
2024-04-17T20:37:45.282+08:00  INFO 5393 --- [catalog-service] [    Test worker] org.testcontainers.DockerClientFactory   : Checking the system...
2024-04-17T20:37:45.283+08:00  INFO 5393 --- [catalog-service] [    Test worker] org.testcontainers.DockerClientFactory   : ✔︎ Docker server version should be at least 1.6.0
2024-04-17T20:37:45.283+08:00  INFO 5393 --- [catalog-service] [    Test worker] tc.postgres:14.4                         : Creating container for image: postgres:14.4
2024-04-17T20:37:45.326+08:00  INFO 5393 --- [catalog-service] [    Test worker] tc.postgres:14.4                         : Container postgres:14.4 is starting: 6a9ff0973a1954a0b44541cfe67391d7b12f7b65bcfecaa834ebaa000873d3ef
2024-04-17T20:37:46.629+08:00  INFO 5393 --- [catalog-service] [    Test worker] tc.postgres:14.4                         : Container postgres:14.4 started in PT1.345536007S
2024-04-17T20:37:46.630+08:00  INFO 5393 --- [catalog-service] [    Test worker] tc.postgres:14.4                         : Container is started (JDBC URL: jdbc:postgresql://localhost:32769/test?loggerLevel=OFF)
2024-04-17T20:37:46.753+08:00  INFO 5393 --- [catalog-service] [    Test worker] com.zaxxer.hikari.pool.HikariPool        : HikariPool-1 - Added connection org.testcontainers.jdbc.ConnectionWrapper@1ba98508
2024-04-17T20:37:46.754+08:00  INFO 5393 --- [catalog-service] [    Test worker] com.zaxxer.hikari.HikariDataSource       : HikariPool-1 - Start completed.
2024-04-17T20:37:48.543+08:00  INFO 5393 --- [catalog-service] [    Test worker] o.s.cloud.commons.util.InetUtils         : Cannot determine local hostname
2024-04-17T20:37:49.559+08:00  INFO 5393 --- [catalog-service] [    Test worker] o.s.cloud.commons.util.InetUtils         : Cannot determine local hostname
2024-04-17T20:37:49.600+08:00  INFO 5393 --- [catalog-service] [    Test worker] o.s.b.a.e.web.EndpointLinksResolver      : Exposing 1 endpoint(s) beneath base path '/actuator'
2024-04-17T20:37:49.832+08:00  INFO 5393 --- [catalog-service] [    Test worker] o.s.b.w.embedded.tomcat.TomcatWebServer  : Tomcat started on port 39979 (http) with context path ''
2024-04-17T20:37:50.834+08:00  INFO 5393 --- [catalog-service] [    Test worker] o.s.cloud.commons.util.InetUtils         : Cannot determine local hostname
2024-04-17T20:37:51.836+08:00  INFO 5393 --- [catalog-service] [    Test worker] o.s.cloud.commons.util.InetUtils         : Cannot determine local hostname
2024-04-17T20:37:51.865+08:00  INFO 5393 --- [catalog-service] [    Test worker] c.p.c.CatalogServiceApplicationTests     : Started CatalogServiceApplicationTests in 18.172 seconds (process running for 19.113)
2024-04-17T20:37:53.093+08:00  INFO 5393 --- [catalog-service] [o-auto-1-exec-1] o.a.c.c.C.[Tomcat].[localhost].[/]       : Initializing Spring DispatcherServlet 'dispatcherServlet'
2024-04-17T20:37:53.094+08:00  INFO 5393 --- [catalog-service] [o-auto-1-exec-1] o.s.web.servlet.DispatcherServlet        : Initializing Servlet 'dispatcherServlet'
2024-04-17T20:37:53.096+08:00  INFO 5393 --- [catalog-service] [o-auto-1-exec-1] o.s.web.servlet.DispatcherServlet        : Completed initialization in 1 ms
]]></system-out>
  <system-err><![CDATA[WARNING: A Java agent has been loaded dynamically (/home/dc/.gradle/caches/modules-2/files-2.1/net.bytebuddy/byte-buddy-agent/1.14.12/be4984cb6fd1ef1d11f218a648889dfda44b8a15/byte-buddy-agent-1.14.12.jar)
WARNING: If a serviceability tool is in use, please run with -XX:+EnableDynamicAgentLoading to hide this warning
WARNING: If a serviceability tool is not in use, please run with -Djdk.instrument.traceUsage for more information
WARNING: Dynamic loading of agents will be disallowed by default in a future release
]]></system-err>
</testsuite>
