<?xml version="1.0" encoding="UTF-8"?>
<testsuite name="com.polarbookshop.catalogservice.web.BookJsonTests" tests="2" skipped="0" failures="0" errors="0" timestamp="2024-03-31T01:37:00" hostname="dc-WRTB-WXX9" time="0.055">
  <properties/>
  <testcase name="testSerialize()" classname="com.polarbookshop.catalogservice.web.BookJsonTests" time="0.025"/>
  <testcase name="testDeserialize()" classname="com.polarbookshop.catalogservice.web.BookJsonTests" time="0.029"/>
  <system-out><![CDATA[2024-03-31T09:37:00.090+08:00  INFO 4263 --- [    Test worker] t.c.s.AnnotationConfigContextLoaderUtils : Could not detect default configuration classes for test class [com.polarbookshop.catalogservice.web.BookJsonTests]: BookJsonTests does not declare any static, non-private, non-final, nested classes annotated with @Configuration.
2024-03-31T09:37:00.100+08:00  INFO 4263 --- [    Test worker] .b.t.c.SpringBootTestContextBootstrapper : Found @SpringBootConfiguration com.polarbookshop.catalogservice.CatalogServiceApplication for test class com.polarbookshop.catalogservice.web.BookJsonTests

  .   ____          _            __ _ _
 /\\ / ___'_ __ _ _(_)_ __  __ _ \ \ \ \
( ( )\___ | '_ | '_| | '_ \/ _` | \ \ \ \
 \\/  ___)| |_)| | | | | || (_| |  ) ) ) )
  '  |____| .__|_| |_|_| |_\__, | / / / /
 =========|_|==============|___/=/_/_/_/
 :: Spring Boot ::                (v3.2.3)

2024-03-31T09:37:00.131+08:00  INFO 4263 --- [    Test worker] c.p.catalogservice.web.BookJsonTests     : Starting BookJsonTests using Java 21.0.2 with PID 4263 (started by dc in /home/dc/native-cloud-spring-in-action/catalog-service-dc)
2024-03-31T09:37:00.131+08:00  INFO 4263 --- [    Test worker] c.p.catalogservice.web.BookJsonTests     : No active profile set, falling back to 1 default profile: "default"
2024-03-31T09:37:00.221+08:00  INFO 4263 --- [    Test worker] c.p.catalogservice.web.BookJsonTests     : Started BookJsonTests in 0.117 seconds (process running for 4.489)
]]></system-out>
  <system-err><![CDATA[]]></system-err>
</testsuite>
